[0.000][INFO]:      ChromeDriver 23.0.1240.0 /usr/local/bin/chromedriver
[0.433][FINE]:      Initializing session with capabilities {
   "browserName": "chrome",
   "chrome.detach": true,
   "chromeOptions": {
      "detach": true
   },
   "cssSelectorsEnabled": true,
   "javascriptEnabled": true,
   "nativeEvents": false,
   "platform": "ANY",
   "rotatable": false,
   "takesScreenshot": false,
   "version": ""
}

[0.434][INFO]:      Using named testing interface
[1.585][INFO]:      Connected to Chrome successfully. Version: 24.0.1312.56
[1.633][FINE]:      Command received (/session/1d61621cb496fca2d20b8931bd52bc5b)
[1.714][FINE]:      Command finished (/session/1d61621cb496fca2d20b8931bd52bc5b) with response {
   "sessionId": "1d61621cb496fca2d20b8931bd52bc5b",
   "status": 0,
   "value": {
      "acceptSslCerts": false,
      "applicationCacheEnabled": false,
      "browserConnectionEnabled": false,
      "browserName": "chrome",
      "chrome.chromedriverVersion": "23.0.1240.0",
      "chrome.nativeEvents": false,
      "cssSelectorsEnabled": true,
      "databaseEnabled": false,
      "handlesAlerts": true,
      "javascriptEnabled": true,
      "locationContextEnabled": false,
      "nativeEvents": true,
      "platform": "linux",
      "rotatable": false,
      "takesScreenshot": true,
      "version": "24.0.1312.56",
      "webStorageEnabled": true
   }
}

[1.717][FINE]:      Command received (/session/1d61621cb496fca2d20b8931bd52bc5b/url) with params {
   "url": "http://www.axs.com"
}

[1.717][FINER]:     Waiting for all views to stop loading...
[1.721][FINER]:     Done waiting for all views to stop loading
[15.446][FINER]:    Waiting for all views to stop loading...
[15.458][FINER]:    Done waiting for all views to stop loading
[15.458][FINE]:     Command finished (/session/1d61621cb496fca2d20b8931bd52bc5b/url) with response {
   "sessionId": "1d61621cb496fca2d20b8931bd52bc5b",
   "status": 0,
   "value": {

   }
}

[15.460][FINE]:     Command received (/session/1d61621cb496fca2d20b8931bd52bc5b/url)
[15.460][FINER]:    Waiting for all views to stop loading...
[15.461][FINER]:    Done waiting for all views to stop loading
[15.469][FINER]:    Waiting for all views to stop loading...
[15.470][FINER]:    Done waiting for all views to stop loading
[15.470][FINE]:     Command finished (/session/1d61621cb496fca2d20b8931bd52bc5b/url) with response {
   "sessionId": "1d61621cb496fca2d20b8931bd52bc5b",
   "status": 0,
   "value": "http://www.axs.com/"
}

[15.472][FINE]:     Command received (/session/1d61621cb496fca2d20b8931bd52bc5b/frame) with params {
   "id": null
}

[15.472][FINER]:    Waiting for all views to stop loading...
[15.472][FINER]:    Done waiting for all views to stop loading
[15.472][FINER]:    Waiting for all views to stop loading...
[15.473][FINER]:    Done waiting for all views to stop loading
[15.473][FINE]:     Command finished (/session/1d61621cb496fca2d20b8931bd52bc5b/frame) with response {
   "sessionId": "1d61621cb496fca2d20b8931bd52bc5b",
   "status": 0,
   "value": {

   }
}

[15.475][FINE]:     Command received (/session/1d61621cb496fca2d20b8931bd52bc5b/element) with params {
   "using": "xpath",
   "value": ".//a[@title='AXS PAGE']"
}

[15.475][FINER]:    Waiting for all views to stop loading...
[15.476][FINER]:    Done waiting for all views to stop loading
[15.502][FINER]:    Waiting for all views to stop loading...
[15.503][FINER]:    Done waiting for all views to stop loading
[15.503][WARNING]:  Command finished (/session/1d61621cb496fca2d20b8931bd52bc5b/element) with response {
   "sessionId": "1d61621cb496fca2d20b8931bd52bc5b",
   "status": 7,
   "value": {
      "message": "The element could not be found"
   }
}

[15.505][FINE]:     Command received (/session/1d61621cb496fca2d20b8931bd52bc5b/frame) with params {
   "id": null
}

[15.506][FINER]:    Waiting for all views to stop loading...
[15.509][FINER]:    Done waiting for all views to stop loading
[15.509][FINER]:    Waiting for all views to stop loading...
[15.511][FINER]:    Done waiting for all views to stop loading
[15.511][FINE]:     Command finished (/session/1d61621cb496fca2d20b8931bd52bc5b/frame) with response {
   "sessionId": "1d61621cb496fca2d20b8931bd52bc5b",
   "status": 0,
   "value": {

   }
}

[15.513][FINE]:     Command received (/session/1d61621cb496fca2d20b8931bd52bc5b/element) with params {
   "using": "id",
   "value": "myaxs-sign-in"
}

[15.514][FINER]:    Waiting for all views to stop loading...
[15.514][FINER]:    Done waiting for all views to stop loading
[15.553][FINER]:    Waiting for all views to stop loading...
[15.556][FINER]:    Done waiting for all views to stop loading
[15.556][FINE]:     Command finished (/session/1d61621cb496fca2d20b8931bd52bc5b/element) with response {
   "sessionId": "1d61621cb496fca2d20b8931bd52bc5b",
   "status": 0,
   "value": {
      "ELEMENT": ":wdc:1374297043790"
   }
}

[15.561][FINE]:     Command received (/session/1d61621cb496fca2d20b8931bd52bc5b/element/:wdc:1374297043790/name)
[15.561][FINER]:    Waiting for all views to stop loading...
[15.561][FINER]:    Done waiting for all views to stop loading
[15.577][FINER]:    Waiting for all views to stop loading...
[15.578][FINER]:    Done waiting for all views to stop loading
[15.578][FINE]:     Command finished (/session/1d61621cb496fca2d20b8931bd52bc5b/element/:wdc:1374297043790/name) with response {
   "sessionId": "1d61621cb496fca2d20b8931bd52bc5b",
   "status": 0,
   "value": "a"
}

[15.581][FINE]:     Command received (/session/1d61621cb496fca2d20b8931bd52bc5b/element/:wdc:1374297043790/enabled)
[15.581][FINER]:    Waiting for all views to stop loading...
[15.582][FINER]:    Done waiting for all views to stop loading
[15.603][FINER]:    Waiting for all views to stop loading...
[15.603][FINER]:    Done waiting for all views to stop loading
[15.604][FINE]:     Command finished (/session/1d61621cb496fca2d20b8931bd52bc5b/element/:wdc:1374297043790/enabled) with response {
   "sessionId": "1d61621cb496fca2d20b8931bd52bc5b",
   "status": 0,
   "value": true
}

[15.606][FINE]:     Command received (/session/1d61621cb496fca2d20b8931bd52bc5b/element/:wdc:1374297043790/click) with params {

}

[15.606][FINER]:    Waiting for all views to stop loading...
[15.607][FINER]:    Done waiting for all views to stop loading
[15.854][FINER]:    Waiting for all views to stop loading...
[16.050][FINER]:    Done waiting for all views to stop loading
[16.051][FINE]:     Command finished (/session/1d61621cb496fca2d20b8931bd52bc5b/element/:wdc:1374297043790/click) with response {
   "sessionId": "1d61621cb496fca2d20b8931bd52bc5b",
   "status": 0,
   "value": {

   }
}

[16.052][FINE]:     Command received (/session/1d61621cb496fca2d20b8931bd52bc5b/frame) with params {
   "id": null
}

[16.052][FINER]:    Waiting for all views to stop loading...
[16.060][FINER]:    Done waiting for all views to stop loading
[16.060][FINER]:    Waiting for all views to stop loading...
[16.071][FINER]:    Done waiting for all views to stop loading
[16.071][FINE]:     Command finished (/session/1d61621cb496fca2d20b8931bd52bc5b/frame) with response {
   "sessionId": "1d61621cb496fca2d20b8931bd52bc5b",
   "status": 0,
   "value": {

   }
}

[16.073][FINE]:     Command received (/session/1d61621cb496fca2d20b8931bd52bc5b/element) with params {
   "using": "id",
   "value": "myaxs-sign-in"
}

[16.126][FINER]:    Waiting for all views to stop loading...
[16.127][FINER]:    Done waiting for all views to stop loading
[16.143][FINER]:    Waiting for all views to stop loading...
[16.145][FINER]:    Done waiting for all views to stop loading
[16.145][FINE]:     Command finished (/session/1d61621cb496fca2d20b8931bd52bc5b/element) with response {
   "sessionId": "1d61621cb496fca2d20b8931bd52bc5b",
   "status": 0,
   "value": {
      "ELEMENT": ":wdc:1374297043790"
   }
}

[16.148][FINE]:     Command received (/session/1d61621cb496fca2d20b8931bd52bc5b/element/:wdc:1374297043790/name)
[16.148][FINER]:    Waiting for all views to stop loading...
[16.149][FINER]:    Done waiting for all views to stop loading
[16.156][FINER]:    Waiting for all views to stop loading...
[16.157][FINER]:    Done waiting for all views to stop loading
[16.157][FINE]:     Command finished (/session/1d61621cb496fca2d20b8931bd52bc5b/element/:wdc:1374297043790/name) with response {
   "sessionId": "1d61621cb496fca2d20b8931bd52bc5b",
   "status": 0,
   "value": "a"
}

[16.161][FINE]:     Command received (/session/1d61621cb496fca2d20b8931bd52bc5b)
[28.274][WARNING]:  Chrome still running, terminating...
[28.274][INFO]:     Chrome shutdown
